d:\machinelearning\projetml\machinelearningdll\machinelearningdll\x64\debug\vc143.pdb
d:\machinelearning\projetml\machinelearningdll\machinelearningdll\x64\debug\vc143.idb
c:\users\ruth9\onedrive - lyceeort\documents\github\projetml\machinelearningdll\machinelearningdll\x64\debug\machinelearningdll.pch
c:\users\ruth9\onedrive - lyceeort\documents\github\projetml\machinelearningdll\machinelearningdll\x64\debug\vc143.pdb
c:\users\ruth9\onedrive - lyceeort\documents\github\projetml\machinelearningdll\machinelearningdll\x64\debug\vc143.idb
c:\users\ruth9\onedrive - lyceeort\documents\github\projetml\machinelearningdll\machinelearningdll\x64\debug\pch.obj
c:\users\ruth9\onedrive - lyceeort\documents\github\projetml\machinelearningdll\machinelearningdll\x64\debug\pmc.obj
c:\users\ruth9\onedrive - lyceeort\documents\github\projetml\machinelearningdll\machinelearningdll\x64\debug\linearmodel.obj
c:\users\ruth9\onedrive - lyceeort\documents\github\projetml\machinelearningdll\machinelearningdll\x64\debug\dllmain.obj
c:\users\ruth9\desktop\projetml\machinelearningdll\x64\debug\machinelearningdll.lib
c:\users\ruth9\desktop\projetml\machinelearningdll\x64\debug\machinelearningdll.exp
c:\users\ruth9\onedrive - lyceeort\documents\github\projetml\machinelearningdll\x64\debug\machinelearningdll.lib
c:\users\ruth9\onedrive - lyceeort\documents\github\projetml\machinelearningdll\x64\debug\machinelearningdll.exp
c:\users\ruth9\onedrive - lyceeort\documents\github\projetml\machinelearningdll\x64\debug\machinelearningdll.dll
c:\users\ruth9\onedrive - lyceeort\documents\github\projetml\machinelearningdll\machinelearningdll\x64\debug\machinelearningdll.ilk
c:\users\ruth9\onedrive - lyceeort\documents\github\projetml\machinelearningdll\x64\debug\machinelearningdll.pdb
c:\users\enola\source\repos\machinelearningdll\x64\debug\machinelearningdll.lib
c:\users\enola\source\repos\machinelearningdll\x64\debug\machinelearningdll.exp
d:\machinelearning\projetml\machinelearningdll\x64\debug\machinelearningdll.lib
d:\machinelearning\projetml\machinelearningdll\x64\debug\machinelearningdll.exp
c:\users\ruth9\onedrive - lyceeort\documents\github\projetml\machinelearningdll\machinelearningdll\x64\debug\machinel.e82fe71a.tlog\cl.command.1.tlog
c:\users\ruth9\onedrive - lyceeort\documents\github\projetml\machinelearningdll\machinelearningdll\x64\debug\machinel.e82fe71a.tlog\cl.items.tlog
c:\users\ruth9\onedrive - lyceeort\documents\github\projetml\machinelearningdll\machinelearningdll\x64\debug\machinel.e82fe71a.tlog\cl.read.1.tlog
c:\users\ruth9\onedrive - lyceeort\documents\github\projetml\machinelearningdll\machinelearningdll\x64\debug\machinel.e82fe71a.tlog\cl.write.1.tlog
c:\users\ruth9\onedrive - lyceeort\documents\github\projetml\machinelearningdll\machinelearningdll\x64\debug\machinel.e82fe71a.tlog\link.command.1.tlog
c:\users\ruth9\onedrive - lyceeort\documents\github\projetml\machinelearningdll\machinelearningdll\x64\debug\machinel.e82fe71a.tlog\link.read.1.tlog
c:\users\ruth9\onedrive - lyceeort\documents\github\projetml\machinelearningdll\machinelearningdll\x64\debug\machinel.e82fe71a.tlog\link.write.1.tlog
c:\users\ruth9\onedrive - lyceeort\documents\github\projetml\machinelearningdll\machinelearningdll\x64\debug\machinel.e82fe71a.tlog\link.write.2u.tlog
c:\users\ruth9\onedrive - lyceeort\documents\github\projetml\machinelearningdll\machinelearningdll\x64\debug\machinel.e82fe71a.tlog\machinelearningdll.write.1u.tlog
c:\users\ruth9\onedrive - lyceeort\documents\github\projetml\machinelearningdll\machinelearningdll\x64\debug\machinel.e82fe71a.tlog\metagen.read.1.tlog
c:\users\ruth9\onedrive - lyceeort\documents\github\projetml\machinelearningdll\machinelearningdll\x64\debug\machinel.e82fe71a.tlog\metagen.write.1.tlog
